<?xml version="1.0" encoding="UTF-8"?>
<testng-results ignored="0" total="12" passed="12" failed="0" skipped="0">
  <reporter-output>
  </reporter-output>
  <suite started-at="2023-08-12T18:46:29 IST" name="Test case suite e-commerce application" finished-at="2023-08-12T18:52:16 IST" duration-ms="346838">
    <groups>
      <group name="Booking and Cancellation Flow">
        <method signature="testCase_03.TestCase03(java.lang.String,java.lang.String,java.lang.String,java.lang.String,java.lang.String,java.lang.String,java.lang.String)[pri:3, instance:qtriptest.tests.testCase_03@1033576a]" name="TestCase03" class="qtriptest.tests.testCase_03"/>
      </group> <!-- Booking and Cancellation Flow -->
      <group name="Reliability Flow">
        <method signature="testCase_04.TestCase04(java.lang.String,java.lang.String,java.lang.String,java.lang.String,java.lang.String)[pri:4, instance:qtriptest.tests.testCase_04@247310d0]" name="TestCase04" class="qtriptest.tests.testCase_04"/>
      </group> <!-- Reliability Flow -->
      <group name="Search and Filter flow">
        <method signature="testCase_02.TestCase02(java.lang.String,java.lang.String,java.lang.String,java.lang.String,java.lang.String)[pri:2, instance:qtriptest.tests.testCase_02@3f4faf53]" name="TestCase02" class="qtriptest.tests.testCase_02"/>
      </group> <!-- Search and Filter flow -->
      <group name="Login Flow">
        <method signature="testCase_01.TestCase01(java.lang.String,java.lang.String)[pri:1, instance:qtriptest.tests.testCase_01@8462f31]" name="TestCase01" class="qtriptest.tests.testCase_01"/>
      </group> <!-- Login Flow -->
    </groups>
    <test started-at="2023-08-12T18:46:29 IST" name="Test case execution on Chrome browser" finished-at="2023-08-12T18:52:16 IST" duration-ms="346838">
      <class name="qtriptest.tests.ReportSingleton">
        <test-method is-config="true" signature="tearDownSuite()[pri:0, instance:qtriptest.tests.ReportSingleton@11d8ae8b]" started-at="2023-08-12T18:52:16 IST" name="tearDownSuite" finished-at="2023-08-12T18:52:16 IST" duration-ms="133" status="PASS">
          <reporter-output>
          </reporter-output>
        </test-method> <!-- tearDownSuite -->
      </class> <!-- qtriptest.tests.ReportSingleton -->
      <class name="qtriptest.tests.testCase_01">
        <test-method is-config="true" signature="createDriver()[pri:0, instance:qtriptest.tests.testCase_01@8462f31]" started-at="2023-08-12T18:46:26 IST" name="createDriver" finished-at="2023-08-12T18:46:29 IST" duration-ms="3291" status="PASS">
          <reporter-output>
          </reporter-output>
        </test-method> <!-- createDriver -->
        <test-method signature="TestCase01(java.lang.String,java.lang.String)[pri:1, instance:qtriptest.tests.testCase_01@8462f31]" started-at="2023-08-12T18:46:31 IST" name="TestCase01" description="verify Login flow" data-provider="DatasetsforQTrip" finished-at="2023-08-12T18:46:35 IST" duration-ms="4138" status="PASS">
          <params>
            <param index="0">
              <value>
                <![CDATA[testuser@gmail.com]]>
              </value>
            </param>
            <param index="1">
              <value>
                <![CDATA[abc@123]]>
              </value>
            </param>
          </params>
          <reporter-output>
          </reporter-output>
        </test-method> <!-- TestCase01 -->
        <test-method signature="TestCase01(java.lang.String,java.lang.String)[pri:1, instance:qtriptest.tests.testCase_01@8462f31]" started-at="2023-08-12T18:46:35 IST" name="TestCase01" description="verify Login flow" data-provider="DatasetsforQTrip" finished-at="2023-08-12T18:46:39 IST" duration-ms="3596" status="PASS">
          <params>
            <param index="0">
              <value>
                <![CDATA[TESTUSER@gmail.com]]>
              </value>
            </param>
            <param index="1">
              <value>
                <![CDATA[123456.0]]>
              </value>
            </param>
          </params>
          <reporter-output>
          </reporter-output>
        </test-method> <!-- TestCase01 -->
        <test-method signature="TestCase01(java.lang.String,java.lang.String)[pri:1, instance:qtriptest.tests.testCase_01@8462f31]" started-at="2023-08-12T18:46:39 IST" name="TestCase01" description="verify Login flow" data-provider="DatasetsforQTrip" finished-at="2023-08-12T18:46:42 IST" duration-ms="3732" status="PASS">
          <params>
            <param index="0">
              <value>
                <![CDATA[123_USER_low@gmail.com]]>
              </value>
            </param>
            <param index="1">
              <value>
                <![CDATA[QWERTY!!!!]]>
              </value>
            </param>
          </params>
          <reporter-output>
          </reporter-output>
        </test-method> <!-- TestCase01 -->
      </class> <!-- qtriptest.tests.testCase_01 -->
      <class name="qtriptest.tests.testCase_04">
        <test-method is-config="true" signature="createDriver()[pri:0, instance:qtriptest.tests.testCase_04@247310d0]" started-at="2023-08-12T18:46:29 IST" name="createDriver" finished-at="2023-08-12T18:46:29 IST" duration-ms="3" status="PASS">
          <reporter-output>
          </reporter-output>
        </test-method> <!-- createDriver -->
        <test-method signature="TestCase04(java.lang.String,java.lang.String,java.lang.String,java.lang.String,java.lang.String)[pri:4, instance:qtriptest.tests.testCase_04@247310d0]" started-at="2023-08-12T18:46:43 IST" name="TestCase04" description="verify Relaibility flow" data-provider="DatasetsforQTrip" finished-at="2023-08-12T18:47:37 IST" duration-ms="54510" status="PASS">
          <params>
            <param index="0">
              <value>
                <![CDATA[TC4_1@gmail.com]]>
              </value>
            </param>
            <param index="1">
              <value>
                <![CDATA[abc@123]]>
              </value>
            </param>
            <param index="2">
              <value>
                <![CDATA[Bengaluru;Niaboytown;Chicky;01-01-2025;2]]>
              </value>
            </param>
            <param index="3">
              <value>
                <![CDATA[Kolkata;Thton;Cha Cha;01-02-2025;3]]>
              </value>
            </param>
            <param index="4">
              <value>
                <![CDATA[Malaysia;Wootkentree;Bom Bom;02-12-2025;1]]>
              </value>
            </param>
          </params>
          <reporter-output>
          </reporter-output>
        </test-method> <!-- TestCase04 -->
        <test-method signature="TestCase04(java.lang.String,java.lang.String,java.lang.String,java.lang.String,java.lang.String)[pri:4, instance:qtriptest.tests.testCase_04@247310d0]" started-at="2023-08-12T18:47:37 IST" name="TestCase04" description="verify Relaibility flow" data-provider="DatasetsforQTrip" finished-at="2023-08-12T18:48:31 IST" duration-ms="54107" status="PASS">
          <params>
            <param index="0">
              <value>
                <![CDATA[TC4_2@gmail.com]]>
              </value>
            </param>
            <param index="1">
              <value>
                <![CDATA[abc@321]]>
              </value>
            </param>
            <param index="2">
              <value>
                <![CDATA[Bengaluru;Fort Sionnnn;Chicky;01-01-2025;2]]>
              </value>
            </param>
            <param index="3">
              <value>
                <![CDATA[Kolkata;North Gelgoon;Cha Cha;01-02-2025;3]]>
              </value>
            </param>
            <param index="4">
              <value>
                <![CDATA[Malaysia;Wootkentree;Lya;02-12-2025;1]]>
              </value>
            </param>
          </params>
          <reporter-output>
          </reporter-output>
        </test-method> <!-- TestCase04 -->
        <test-method signature="TestCase04(java.lang.String,java.lang.String,java.lang.String,java.lang.String,java.lang.String)[pri:4, instance:qtriptest.tests.testCase_04@247310d0]" started-at="2023-08-12T18:48:31 IST" name="TestCase04" description="verify Relaibility flow" data-provider="DatasetsforQTrip" finished-at="2023-08-12T18:50:05 IST" duration-ms="93340" status="PASS">
          <params>
            <param index="0">
              <value>
                <![CDATA[TC4_3@gmail.com]]>
              </value>
            </param>
            <param index="1">
              <value>
                <![CDATA[abc@321]]>
              </value>
            </param>
            <param index="2">
              <value>
                <![CDATA[Goa;Perthby;Chicky;01-01-2025;2]]>
              </value>
            </param>
            <param index="3">
              <value>
                <![CDATA[Bengaluru;Niaboytown;Chicky;01-01-2025;2]]>
              </value>
            </param>
            <param index="4">
              <value>
                <![CDATA[Bengaluru;Fort Sionnnn;Chicky;01-01-2025;2]]>
              </value>
            </param>
          </params>
          <reporter-output>
          </reporter-output>
        </test-method> <!-- TestCase04 -->
      </class> <!-- qtriptest.tests.testCase_04 -->
      <class name="qtriptest.tests.testCase_03">
        <test-method is-config="true" signature="createDriver()[pri:0, instance:qtriptest.tests.testCase_03@1033576a]" started-at="2023-08-12T18:46:29 IST" name="createDriver" finished-at="2023-08-12T18:46:29 IST" duration-ms="9" status="PASS">
          <reporter-output>
          </reporter-output>
        </test-method> <!-- createDriver -->
        <test-method signature="TestCase03(java.lang.String,java.lang.String,java.lang.String,java.lang.String,java.lang.String,java.lang.String,java.lang.String)[pri:3, instance:qtriptest.tests.testCase_03@1033576a]" started-at="2023-08-12T18:50:05 IST" name="TestCase03" description="verify booking and cancellation flow" data-provider="DatasetsforQTrip" finished-at="2023-08-12T18:50:24 IST" duration-ms="19545" status="PASS">
          <params>
            <param index="0">
              <value>
                <![CDATA[TC3_1@gmaill.com]]>
              </value>
            </param>
            <param index="1">
              <value>
                <![CDATA[abc@123]]>
              </value>
            </param>
            <param index="2">
              <value>
                <![CDATA[Bengaluru]]>
              </value>
            </param>
            <param index="3">
              <value>
                <![CDATA[Niaboytown]]>
              </value>
            </param>
            <param index="4">
              <value>
                <![CDATA[palam]]>
              </value>
            </param>
            <param index="5">
              <value>
                <![CDATA[16-11-2025]]>
              </value>
            </param>
            <param index="6">
              <value>
                <![CDATA[2]]>
              </value>
            </param>
          </params>
          <reporter-output>
          </reporter-output>
        </test-method> <!-- TestCase03 -->
        <test-method signature="TestCase03(java.lang.String,java.lang.String,java.lang.String,java.lang.String,java.lang.String,java.lang.String,java.lang.String)[pri:3, instance:qtriptest.tests.testCase_03@1033576a]" started-at="2023-08-12T18:50:24 IST" name="TestCase03" description="verify booking and cancellation flow" data-provider="DatasetsforQTrip" finished-at="2023-08-12T18:50:44 IST" duration-ms="19359" status="PASS">
          <params>
            <param index="0">
              <value>
                <![CDATA[TC3_2@gmail.com]]>
              </value>
            </param>
            <param index="1">
              <value>
                <![CDATA[abc@123]]>
              </value>
            </param>
            <param index="2">
              <value>
                <![CDATA[Singapore]]>
              </value>
            </param>
            <param index="3">
              <value>
                <![CDATA[Grand Ashland]]>
              </value>
            </param>
            <param index="4">
              <value>
                <![CDATA[biden]]>
              </value>
            </param>
            <param index="5">
              <value>
                <![CDATA[26-11-2025]]>
              </value>
            </param>
            <param index="6">
              <value>
                <![CDATA[4]]>
              </value>
            </param>
          </params>
          <reporter-output>
          </reporter-output>
        </test-method> <!-- TestCase03 -->
        <test-method signature="TestCase03(java.lang.String,java.lang.String,java.lang.String,java.lang.String,java.lang.String,java.lang.String,java.lang.String)[pri:3, instance:qtriptest.tests.testCase_03@1033576a]" started-at="2023-08-12T18:50:44 IST" name="TestCase03" description="verify booking and cancellation flow" data-provider="DatasetsforQTrip" finished-at="2023-08-12T18:51:03 IST" duration-ms="19329" status="PASS">
          <params>
            <param index="0">
              <value>
                <![CDATA[TC3_3@gmail.com]]>
              </value>
            </param>
            <param index="1">
              <value>
                <![CDATA[abc@123]]>
              </value>
            </param>
            <param index="2">
              <value>
                <![CDATA[Bangkok]]>
              </value>
            </param>
            <param index="3">
              <value>
                <![CDATA[Tifwales Ferry]]>
              </value>
            </param>
            <param index="4">
              <value>
                <![CDATA[prabhu]]>
              </value>
            </param>
            <param index="5">
              <value>
                <![CDATA[26-12-2025]]>
              </value>
            </param>
            <param index="6">
              <value>
                <![CDATA[1]]>
              </value>
            </param>
          </params>
          <reporter-output>
          </reporter-output>
        </test-method> <!-- TestCase03 -->
      </class> <!-- qtriptest.tests.testCase_03 -->
      <class name="qtriptest.tests.testCase_02">
        <test-method is-config="true" signature="createDriver()[pri:0, instance:qtriptest.tests.testCase_02@3f4faf53]" started-at="2023-08-12T18:46:29 IST" name="createDriver" finished-at="2023-08-12T18:46:29 IST" duration-ms="4" status="PASS">
          <reporter-output>
          </reporter-output>
        </test-method> <!-- createDriver -->
        <test-method signature="TestCase02(java.lang.String,java.lang.String,java.lang.String,java.lang.String,java.lang.String)[pri:2, instance:qtriptest.tests.testCase_02@3f4faf53]" started-at="2023-08-12T18:51:03 IST" name="TestCase02" description="verify Search and Filter flow" data-provider="DatasetsforQTrip" finished-at="2023-08-12T18:51:27 IST" duration-ms="24244" status="PASS">
          <params>
            <param index="0">
              <value>
                <![CDATA[Bengaluru]]>
              </value>
            </param>
            <param index="1">
              <value>
                <![CDATA[Cycling Routes]]>
              </value>
            </param>
            <param index="2">
              <value>
                <![CDATA[6-12 Hours]]>
              </value>
            </param>
            <param index="3">
              <value>
                <![CDATA[1]]>
              </value>
            </param>
            <param index="4">
              <value>
                <![CDATA[9]]>
              </value>
            </param>
          </params>
          <reporter-output>
          </reporter-output>
        </test-method> <!-- TestCase02 -->
        <test-method signature="TestCase02(java.lang.String,java.lang.String,java.lang.String,java.lang.String,java.lang.String)[pri:2, instance:qtriptest.tests.testCase_02@3f4faf53]" started-at="2023-08-12T18:51:27 IST" name="TestCase02" description="verify Search and Filter flow" data-provider="DatasetsforQTrip" finished-at="2023-08-12T18:51:52 IST" duration-ms="24286" status="PASS">
          <params>
            <param index="0">
              <value>
                <![CDATA[Singapore]]>
              </value>
            </param>
            <param index="1">
              <value>
                <![CDATA[Hillside Getaways]]>
              </value>
            </param>
            <param index="2">
              <value>
                <![CDATA[6-12 Hours]]>
              </value>
            </param>
            <param index="3">
              <value>
                <![CDATA[1]]>
              </value>
            </param>
            <param index="4">
              <value>
                <![CDATA[8]]>
              </value>
            </param>
          </params>
          <reporter-output>
          </reporter-output>
        </test-method> <!-- TestCase02 -->
        <test-method signature="TestCase02(java.lang.String,java.lang.String,java.lang.String,java.lang.String,java.lang.String)[pri:2, instance:qtriptest.tests.testCase_02@3f4faf53]" started-at="2023-08-12T18:51:52 IST" name="TestCase02" description="verify Search and Filter flow" data-provider="DatasetsforQTrip" finished-at="2023-08-12T18:52:16 IST" duration-ms="24328" status="PASS">
          <params>
            <param index="0">
              <value>
                <![CDATA[Goa]]>
              </value>
            </param>
            <param index="1">
              <value>
                <![CDATA[Party Spots]]>
              </value>
            </param>
            <param index="2">
              <value>
                <![CDATA[2-6 Hours]]>
              </value>
            </param>
            <param index="3">
              <value>
                <![CDATA[1]]>
              </value>
            </param>
            <param index="4">
              <value>
                <![CDATA[11]]>
              </value>
            </param>
          </params>
          <reporter-output>
          </reporter-output>
        </test-method> <!-- TestCase02 -->
        <test-method is-config="true" signature="tearDown()[pri:0, instance:qtriptest.tests.testCase_02@3f4faf53]" started-at="2023-08-12T18:52:16 IST" name="tearDown" finished-at="2023-08-12T18:52:16 IST" duration-ms="97" status="PASS">
          <reporter-output>
          </reporter-output>
        </test-method> <!-- tearDown -->
      </class> <!-- qtriptest.tests.testCase_02 -->
    </test> <!-- Test case execution on Chrome browser -->
  </suite> <!-- Test case suite e-commerce application -->
</testng-results>
